2025-06-29T02:39:17.242+03:00  INFO 11984 --- [mammogram] [restartedMain] c.d.mammogram.MammogramApplication       : Starting MammogramApplication using Java 21.0.6 with PID 11984 (C:\MezsB\Project\mammogram\target\classes started by Administrator in C:\MezsB\Project\mammogram)
2025-06-29T02:39:17.247+03:00  INFO 11984 --- [mammogram] [restartedMain] c.d.mammogram.MammogramApplication       : No active profile set, falling back to 1 default profile: "default"
2025-06-29T02:39:17.364+03:00  INFO 11984 --- [mammogram] [restartedMain] o.s.b.devtools.restart.ChangeableUrls    : The Class-Path manifest attribute in C:\Users\Administrator\.m2\repository\xalan\xalan\2.7.2\xalan-2.7.2.jar referenced one or more files that do not exist: file:/C:/Users/Administrator/.m2/repository/xalan/xalan/2.7.2/xercesImpl.jar,file:/C:/Users/Administrator/.m2/repository/xalan/xalan/2.7.2/xml-apis.jar,file:/C:/Users/Administrator/.m2/repository/xalan/xalan/2.7.2/serializer.jar
2025-06-29T02:39:17.365+03:00  INFO 11984 --- [mammogram] [restartedMain] o.s.b.devtools.restart.ChangeableUrls    : The Class-Path manifest attribute in C:\Users\Administrator\.m2\repository\xalan\serializer\2.7.2\serializer-2.7.2.jar referenced one or more files that do not exist: file:/C:/Users/Administrator/.m2/repository/xalan/serializer/2.7.2/xml-apis.jar
2025-06-29T02:39:17.365+03:00  INFO 11984 --- [mammogram] [restartedMain] .e.DevToolsPropertyDefaultsPostProcessor : Devtools property defaults active! Set 'spring.devtools.add-properties' to 'false' to disable
2025-06-29T02:39:17.366+03:00  INFO 11984 --- [mammogram] [restartedMain] .e.DevToolsPropertyDefaultsPostProcessor : For additional web related logging consider setting the 'logging.level.web' property to 'DEBUG'
2025-06-29T02:39:19.587+03:00  INFO 11984 --- [mammogram] [restartedMain] .s.d.r.c.RepositoryConfigurationDelegate : Bootstrapping Spring Data JPA repositories in DEFAULT mode.
2025-06-29T02:39:19.895+03:00  INFO 11984 --- [mammogram] [restartedMain] .s.d.r.c.RepositoryConfigurationDelegate : Finished Spring Data repository scanning in 294 ms. Found 4 JPA repository interfaces.
2025-06-29T02:39:22.338+03:00  INFO 11984 --- [mammogram] [restartedMain] o.s.b.w.embedded.tomcat.TomcatWebServer  : Tomcat initialized with port 8080 (http)
2025-06-29T02:39:22.353+03:00  INFO 11984 --- [mammogram] [restartedMain] o.apache.catalina.core.StandardService   : Starting service [Tomcat]
2025-06-29T02:39:22.354+03:00  INFO 11984 --- [mammogram] [restartedMain] o.apache.catalina.core.StandardEngine    : Starting Servlet engine: [Apache Tomcat/10.1.40]
2025-06-29T02:39:22.440+03:00  INFO 11984 --- [mammogram] [restartedMain] o.a.c.c.C.[Tomcat].[localhost].[/]       : Initializing Spring embedded WebApplicationContext
2025-06-29T02:39:22.440+03:00  INFO 11984 --- [mammogram] [restartedMain] w.s.c.ServletWebServerApplicationContext : Root WebApplicationContext: initialization completed in 5073 ms
2025-06-29T02:39:23.418+03:00  INFO 11984 --- [mammogram] [restartedMain] o.s.o.j.p.SpringPersistenceUnitInfo      : No LoadTimeWeaver setup: ignoring JPA class transformer
2025-06-29T02:39:23.462+03:00  INFO 11984 --- [mammogram] [restartedMain] com.zaxxer.hikari.HikariDataSource       : HikariPool-1 - Starting...
2025-06-29T02:39:23.684+03:00  INFO 11984 --- [mammogram] [restartedMain] com.zaxxer.hikari.pool.HikariPool        : HikariPool-1 - Added connection com.mysql.cj.jdbc.ConnectionImpl@74bcf8ee
2025-06-29T02:39:23.687+03:00  INFO 11984 --- [mammogram] [restartedMain] com.zaxxer.hikari.HikariDataSource       : HikariPool-1 - Start completed.
2025-06-29T02:39:25.232+03:00  INFO 11984 --- [mammogram] [restartedMain] j.LocalContainerEntityManagerFactoryBean : Initialized JPA EntityManagerFactory for persistence unit 'default'
2025-06-29T02:39:26.736+03:00  INFO 11984 --- [mammogram] [restartedMain] eAuthenticationProviderManagerConfigurer : Global AuthenticationManager configured with AuthenticationProvider bean with name authenticationProvider
2025-06-29T02:39:26.736+03:00  WARN 11984 --- [mammogram] [restartedMain] r$InitializeUserDetailsManagerConfigurer : Global AuthenticationManager configured with an AuthenticationProvider bean. UserDetailsService beans will not be used by Spring Security for automatically configuring username/password login. Consider removing the AuthenticationProvider bean. Alternatively, consider using the UserDetailsService in a manually instantiated DaoAuthenticationProvider. If the current configuration is intentional, to turn off this warning, increase the logging level of 'org.springframework.security.config.annotation.authentication.configuration.InitializeUserDetailsBeanManagerConfigurer' to ERROR
2025-06-29T02:39:27.534+03:00  INFO 11984 --- [mammogram] [restartedMain] c.d.m.service.FileSystemStorageService   : Initialized storage root directory: C:\MezsB\Project\mammogram\uploads
2025-06-29T02:39:28.803+03:00  INFO 11984 --- [mammogram] [restartedMain] o.s.b.a.e.web.EndpointLinksResolver      : Exposing 1 endpoint beneath base path '/actuator'
2025-06-29T02:39:29.689+03:00  INFO 11984 --- [mammogram] [restartedMain] o.s.b.d.a.OptionalLiveReloadServer       : LiveReload server is running on port 30301
2025-06-29T02:39:30.098+03:00  INFO 11984 --- [mammogram] [restartedMain] o.s.b.w.embedded.tomcat.TomcatWebServer  : Tomcat started on port 8080 (http) with context path '/'
2025-06-29T02:39:30.112+03:00  INFO 11984 --- [mammogram] [restartedMain] c.d.mammogram.MammogramApplication       : Started MammogramApplication in 13.733 seconds (process running for 16.085)
2025-06-29T02:39:30.719+03:00  INFO 11984 --- [mammogram] [RMI TCP Connection(3)-10.148.93.56] o.a.c.c.C.[Tomcat].[localhost].[/]       : Initializing Spring DispatcherServlet 'dispatcherServlet'
2025-06-29T02:39:30.719+03:00  INFO 11984 --- [mammogram] [RMI TCP Connection(3)-10.148.93.56] o.s.web.servlet.DispatcherServlet        : Initializing Servlet 'dispatcherServlet'
2025-06-29T02:39:30.721+03:00  INFO 11984 --- [mammogram] [RMI TCP Connection(3)-10.148.93.56] o.s.web.servlet.DispatcherServlet        : Completed initialization in 2 ms
2025-06-29T02:39:41.837+03:00  INFO 11984 --- [mammogram] [SpringApplicationShutdownHook] o.s.b.w.e.tomcat.GracefulShutdown        : Commencing graceful shutdown. Waiting for active requests to complete
2025-06-29T02:39:41.841+03:00  INFO 11984 --- [mammogram] [tomcat-shutdown] o.s.b.w.e.tomcat.GracefulShutdown        : Graceful shutdown complete
2025-06-29T02:39:41.870+03:00  INFO 11984 --- [mammogram] [SpringApplicationShutdownHook] j.LocalContainerEntityManagerFactoryBean : Closing JPA EntityManagerFactory for persistence unit 'default'
2025-06-29T02:39:41.874+03:00  INFO 11984 --- [mammogram] [SpringApplicationShutdownHook] com.zaxxer.hikari.HikariDataSource       : HikariPool-1 - Shutdown initiated...
2025-06-29T02:39:41.882+03:00  INFO 11984 --- [mammogram] [SpringApplicationShutdownHook] com.zaxxer.hikari.HikariDataSource       : HikariPool-1 - Shutdown completed.
2025-06-29T02:39:51.511+03:00  INFO 15252 --- [mammogram] [restartedMain] c.d.mammogram.MammogramApplication       : Starting MammogramApplication using Java 21.0.6 with PID 15252 (C:\MezsB\Project\mammogram\target\classes started by Administrator in C:\MezsB\Project\mammogram)
2025-06-29T02:39:51.514+03:00  INFO 15252 --- [mammogram] [restartedMain] c.d.mammogram.MammogramApplication       : No active profile set, falling back to 1 default profile: "default"
2025-06-29T02:39:51.565+03:00  INFO 15252 --- [mammogram] [restartedMain] o.s.b.devtools.restart.ChangeableUrls    : The Class-Path manifest attribute in C:\Users\Administrator\.m2\repository\xalan\xalan\2.7.2\xalan-2.7.2.jar referenced one or more files that do not exist: file:/C:/Users/Administrator/.m2/repository/xalan/xalan/2.7.2/xercesImpl.jar,file:/C:/Users/Administrator/.m2/repository/xalan/xalan/2.7.2/xml-apis.jar,file:/C:/Users/Administrator/.m2/repository/xalan/xalan/2.7.2/serializer.jar
2025-06-29T02:39:51.566+03:00  INFO 15252 --- [mammogram] [restartedMain] o.s.b.devtools.restart.ChangeableUrls    : The Class-Path manifest attribute in C:\Users\Administrator\.m2\repository\xalan\serializer\2.7.2\serializer-2.7.2.jar referenced one or more files that do not exist: file:/C:/Users/Administrator/.m2/repository/xalan/serializer/2.7.2/xml-apis.jar
2025-06-29T02:39:51.566+03:00  INFO 15252 --- [mammogram] [restartedMain] .e.DevToolsPropertyDefaultsPostProcessor : Devtools property defaults active! Set 'spring.devtools.add-properties' to 'false' to disable
2025-06-29T02:39:51.566+03:00  INFO 15252 --- [mammogram] [restartedMain] .e.DevToolsPropertyDefaultsPostProcessor : For additional web related logging consider setting the 'logging.level.web' property to 'DEBUG'
2025-06-29T02:39:52.898+03:00  INFO 15252 --- [mammogram] [restartedMain] .s.d.r.c.RepositoryConfigurationDelegate : Bootstrapping Spring Data JPA repositories in DEFAULT mode.
2025-06-29T02:39:53.088+03:00  INFO 15252 --- [mammogram] [restartedMain] .s.d.r.c.RepositoryConfigurationDelegate : Finished Spring Data repository scanning in 181 ms. Found 4 JPA repository interfaces.
2025-06-29T02:39:54.149+03:00  INFO 15252 --- [mammogram] [restartedMain] o.s.b.w.embedded.tomcat.TomcatWebServer  : Tomcat initialized with port 8080 (http)
2025-06-29T02:39:54.163+03:00  INFO 15252 --- [mammogram] [restartedMain] o.apache.catalina.core.StandardService   : Starting service [Tomcat]
2025-06-29T02:39:54.164+03:00  INFO 15252 --- [mammogram] [restartedMain] o.apache.catalina.core.StandardEngine    : Starting Servlet engine: [Apache Tomcat/10.1.40]
2025-06-29T02:39:54.243+03:00  INFO 15252 --- [mammogram] [restartedMain] o.a.c.c.C.[Tomcat].[localhost].[/]       : Initializing Spring embedded WebApplicationContext
2025-06-29T02:39:54.244+03:00  INFO 15252 --- [mammogram] [restartedMain] w.s.c.ServletWebServerApplicationContext : Root WebApplicationContext: initialization completed in 2677 ms
2025-06-29T02:39:54.993+03:00  INFO 15252 --- [mammogram] [restartedMain] o.s.o.j.p.SpringPersistenceUnitInfo      : No LoadTimeWeaver setup: ignoring JPA class transformer
2025-06-29T02:39:55.026+03:00  INFO 15252 --- [mammogram] [restartedMain] com.zaxxer.hikari.HikariDataSource       : HikariPool-1 - Starting...
2025-06-29T02:39:55.206+03:00  INFO 15252 --- [mammogram] [restartedMain] com.zaxxer.hikari.pool.HikariPool        : HikariPool-1 - Added connection com.mysql.cj.jdbc.ConnectionImpl@72338ca4
2025-06-29T02:39:55.210+03:00  INFO 15252 --- [mammogram] [restartedMain] com.zaxxer.hikari.HikariDataSource       : HikariPool-1 - Start completed.
2025-06-29T02:39:56.463+03:00  INFO 15252 --- [mammogram] [restartedMain] j.LocalContainerEntityManagerFactoryBean : Initialized JPA EntityManagerFactory for persistence unit 'default'
2025-06-29T02:39:57.755+03:00  INFO 15252 --- [mammogram] [restartedMain] eAuthenticationProviderManagerConfigurer : Global AuthenticationManager configured with AuthenticationProvider bean with name authenticationProvider
2025-06-29T02:39:57.755+03:00  WARN 15252 --- [mammogram] [restartedMain] r$InitializeUserDetailsManagerConfigurer : Global AuthenticationManager configured with an AuthenticationProvider bean. UserDetailsService beans will not be used by Spring Security for automatically configuring username/password login. Consider removing the AuthenticationProvider bean. Alternatively, consider using the UserDetailsService in a manually instantiated DaoAuthenticationProvider. If the current configuration is intentional, to turn off this warning, increase the logging level of 'org.springframework.security.config.annotation.authentication.configuration.InitializeUserDetailsBeanManagerConfigurer' to ERROR
2025-06-29T02:39:58.461+03:00  INFO 15252 --- [mammogram] [restartedMain] c.d.m.service.FileSystemStorageService   : Initialized storage root directory: C:\MezsB\Project\mammogram\uploads
2025-06-29T02:39:59.539+03:00  INFO 15252 --- [mammogram] [restartedMain] o.s.b.a.e.web.EndpointLinksResolver      : Exposing 1 endpoint beneath base path '/actuator'
2025-06-29T02:40:00.311+03:00  INFO 15252 --- [mammogram] [restartedMain] o.s.b.d.a.OptionalLiveReloadServer       : LiveReload server is running on port 30301
2025-06-29T02:40:00.664+03:00  INFO 15252 --- [mammogram] [restartedMain] o.s.b.w.embedded.tomcat.TomcatWebServer  : Tomcat started on port 8080 (http) with context path '/'
2025-06-29T02:40:00.677+03:00  INFO 15252 --- [mammogram] [restartedMain] c.d.mammogram.MammogramApplication       : Started MammogramApplication in 9.64 seconds (process running for 11.144)
2025-06-29T02:40:16.805+03:00  INFO 15252 --- [mammogram] [SpringApplicationShutdownHook] o.s.b.w.e.tomcat.GracefulShutdown        : Commencing graceful shutdown. Waiting for active requests to complete
2025-06-29T02:40:16.809+03:00  INFO 15252 --- [mammogram] [tomcat-shutdown] o.s.b.w.e.tomcat.GracefulShutdown        : Graceful shutdown complete
2025-06-29T02:40:16.833+03:00  INFO 15252 --- [mammogram] [SpringApplicationShutdownHook] j.LocalContainerEntityManagerFactoryBean : Closing JPA EntityManagerFactory for persistence unit 'default'
2025-06-29T02:40:16.837+03:00  INFO 15252 --- [mammogram] [SpringApplicationShutdownHook] com.zaxxer.hikari.HikariDataSource       : HikariPool-1 - Shutdown initiated...
2025-06-29T02:40:16.843+03:00  INFO 15252 --- [mammogram] [SpringApplicationShutdownHook] com.zaxxer.hikari.HikariDataSource       : HikariPool-1 - Shutdown completed.
2025-06-29T02:43:43.811+03:00  INFO 7228 --- [mammogram] [restartedMain] c.d.mammogram.MammogramApplication       : Starting MammogramApplication using Java 21.0.6 with PID 7228 (C:\MezsB\Project\mammogram\target\classes started by Administrator in C:\MezsB\Project\mammogram)
2025-06-29T02:43:43.813+03:00  INFO 7228 --- [mammogram] [restartedMain] c.d.mammogram.MammogramApplication       : No active profile set, falling back to 1 default profile: "default"
2025-06-29T02:43:43.865+03:00  INFO 7228 --- [mammogram] [restartedMain] o.s.b.devtools.restart.ChangeableUrls    : The Class-Path manifest attribute in C:\Users\Administrator\.m2\repository\xalan\xalan\2.7.2\xalan-2.7.2.jar referenced one or more files that do not exist: file:/C:/Users/Administrator/.m2/repository/xalan/xalan/2.7.2/xercesImpl.jar,file:/C:/Users/Administrator/.m2/repository/xalan/xalan/2.7.2/xml-apis.jar,file:/C:/Users/Administrator/.m2/repository/xalan/xalan/2.7.2/serializer.jar
2025-06-29T02:43:43.865+03:00  INFO 7228 --- [mammogram] [restartedMain] o.s.b.devtools.restart.ChangeableUrls    : The Class-Path manifest attribute in C:\Users\Administrator\.m2\repository\xalan\serializer\2.7.2\serializer-2.7.2.jar referenced one or more files that do not exist: file:/C:/Users/Administrator/.m2/repository/xalan/serializer/2.7.2/xml-apis.jar
2025-06-29T02:43:43.865+03:00  INFO 7228 --- [mammogram] [restartedMain] .e.DevToolsPropertyDefaultsPostProcessor : Devtools property defaults active! Set 'spring.devtools.add-properties' to 'false' to disable
2025-06-29T02:43:43.866+03:00  INFO 7228 --- [mammogram] [restartedMain] .e.DevToolsPropertyDefaultsPostProcessor : For additional web related logging consider setting the 'logging.level.web' property to 'DEBUG'
2025-06-29T02:43:45.177+03:00  INFO 7228 --- [mammogram] [restartedMain] .s.d.r.c.RepositoryConfigurationDelegate : Bootstrapping Spring Data JPA repositories in DEFAULT mode.
2025-06-29T02:43:45.398+03:00  INFO 7228 --- [mammogram] [restartedMain] .s.d.r.c.RepositoryConfigurationDelegate : Finished Spring Data repository scanning in 211 ms. Found 4 JPA repository interfaces.
2025-06-29T02:43:46.463+03:00  INFO 7228 --- [mammogram] [restartedMain] o.s.b.w.embedded.tomcat.TomcatWebServer  : Tomcat initialized with port 8080 (http)
2025-06-29T02:43:46.478+03:00  INFO 7228 --- [mammogram] [restartedMain] o.apache.catalina.core.StandardService   : Starting service [Tomcat]
2025-06-29T02:43:46.478+03:00  INFO 7228 --- [mammogram] [restartedMain] o.apache.catalina.core.StandardEngine    : Starting Servlet engine: [Apache Tomcat/10.1.40]
2025-06-29T02:43:46.558+03:00  INFO 7228 --- [mammogram] [restartedMain] o.a.c.c.C.[Tomcat].[localhost].[/]       : Initializing Spring embedded WebApplicationContext
2025-06-29T02:43:46.558+03:00  INFO 7228 --- [mammogram] [restartedMain] w.s.c.ServletWebServerApplicationContext : Root WebApplicationContext: initialization completed in 2692 ms
2025-06-29T02:43:47.310+03:00  INFO 7228 --- [mammogram] [restartedMain] o.s.o.j.p.SpringPersistenceUnitInfo      : No LoadTimeWeaver setup: ignoring JPA class transformer
2025-06-29T02:43:47.344+03:00  INFO 7228 --- [mammogram] [restartedMain] com.zaxxer.hikari.HikariDataSource       : HikariPool-1 - Starting...
2025-06-29T02:43:47.507+03:00  INFO 7228 --- [mammogram] [restartedMain] com.zaxxer.hikari.pool.HikariPool        : HikariPool-1 - Added connection com.mysql.cj.jdbc.ConnectionImpl@6942aba6
2025-06-29T02:43:47.510+03:00  INFO 7228 --- [mammogram] [restartedMain] com.zaxxer.hikari.HikariDataSource       : HikariPool-1 - Start completed.
2025-06-29T02:43:48.762+03:00  INFO 7228 --- [mammogram] [restartedMain] j.LocalContainerEntityManagerFactoryBean : Initialized JPA EntityManagerFactory for persistence unit 'default'
2025-06-29T02:43:50.024+03:00  INFO 7228 --- [mammogram] [restartedMain] eAuthenticationProviderManagerConfigurer : Global AuthenticationManager configured with AuthenticationProvider bean with name authenticationProvider
2025-06-29T02:43:50.024+03:00  WARN 7228 --- [mammogram] [restartedMain] r$InitializeUserDetailsManagerConfigurer : Global AuthenticationManager configured with an AuthenticationProvider bean. UserDetailsService beans will not be used by Spring Security for automatically configuring username/password login. Consider removing the AuthenticationProvider bean. Alternatively, consider using the UserDetailsService in a manually instantiated DaoAuthenticationProvider. If the current configuration is intentional, to turn off this warning, increase the logging level of 'org.springframework.security.config.annotation.authentication.configuration.InitializeUserDetailsBeanManagerConfigurer' to ERROR
2025-06-29T02:43:50.717+03:00  INFO 7228 --- [mammogram] [restartedMain] c.d.m.service.FileSystemStorageService   : Initialized storage root directory: C:\MezsB\Project\mammogram\uploads
2025-06-29T02:43:51.825+03:00  INFO 7228 --- [mammogram] [restartedMain] o.s.b.a.e.web.EndpointLinksResolver      : Exposing 1 endpoint beneath base path '/actuator'
2025-06-29T02:43:52.603+03:00  INFO 7228 --- [mammogram] [restartedMain] o.s.b.d.a.OptionalLiveReloadServer       : LiveReload server is running on port 30301
2025-06-29T02:43:52.896+03:00  INFO 7228 --- [mammogram] [restartedMain] o.s.b.w.embedded.tomcat.TomcatWebServer  : Tomcat started on port 8080 (http) with context path '/'
2025-06-29T02:43:52.912+03:00  INFO 7228 --- [mammogram] [restartedMain] c.d.mammogram.MammogramApplication       : Started MammogramApplication in 9.556 seconds (process running for 11.002)
2025-06-29T02:44:02.148+03:00  INFO 7228 --- [mammogram] [http-nio-8080-exec-2] o.a.c.c.C.[Tomcat].[localhost].[/]       : Initializing Spring DispatcherServlet 'dispatcherServlet'
2025-06-29T02:44:02.148+03:00  INFO 7228 --- [mammogram] [http-nio-8080-exec-2] o.s.web.servlet.DispatcherServlet        : Initializing Servlet 'dispatcherServlet'
2025-06-29T02:44:02.150+03:00  INFO 7228 --- [mammogram] [http-nio-8080-exec-2] o.s.web.servlet.DispatcherServlet        : Completed initialization in 1 ms
2025-06-29T02:46:45.103+03:00  INFO 7228 --- [mammogram] [SpringApplicationShutdownHook] o.s.b.w.e.tomcat.GracefulShutdown        : Commencing graceful shutdown. Waiting for active requests to complete
2025-06-29T02:46:45.109+03:00  INFO 7228 --- [mammogram] [tomcat-shutdown] o.s.b.w.e.tomcat.GracefulShutdown        : Graceful shutdown complete
2025-06-29T02:46:45.141+03:00  INFO 7228 --- [mammogram] [SpringApplicationShutdownHook] j.LocalContainerEntityManagerFactoryBean : Closing JPA EntityManagerFactory for persistence unit 'default'
2025-06-29T02:46:45.147+03:00  INFO 7228 --- [mammogram] [SpringApplicationShutdownHook] com.zaxxer.hikari.HikariDataSource       : HikariPool-1 - Shutdown initiated...
2025-06-29T02:46:45.156+03:00  INFO 7228 --- [mammogram] [SpringApplicationShutdownHook] com.zaxxer.hikari.HikariDataSource       : HikariPool-1 - Shutdown completed.
2025-06-29T03:07:33.565+03:00  INFO 2408 --- [mammogram] [restartedMain] c.d.mammogram.MammogramApplication       : Starting MammogramApplication using Java 21.0.6 with PID 2408 (C:\MezsB\Project\mammogram\target\classes started by Administrator in C:\MezsB\Project\mammogram)
2025-06-29T03:07:33.567+03:00  INFO 2408 --- [mammogram] [restartedMain] c.d.mammogram.MammogramApplication       : No active profile set, falling back to 1 default profile: "default"
2025-06-29T03:07:33.621+03:00  INFO 2408 --- [mammogram] [restartedMain] o.s.b.devtools.restart.ChangeableUrls    : The Class-Path manifest attribute in C:\Users\Administrator\.m2\repository\xalan\xalan\2.7.2\xalan-2.7.2.jar referenced one or more files that do not exist: file:/C:/Users/Administrator/.m2/repository/xalan/xalan/2.7.2/xercesImpl.jar,file:/C:/Users/Administrator/.m2/repository/xalan/xalan/2.7.2/xml-apis.jar,file:/C:/Users/Administrator/.m2/repository/xalan/xalan/2.7.2/serializer.jar
2025-06-29T03:07:33.622+03:00  INFO 2408 --- [mammogram] [restartedMain] o.s.b.devtools.restart.ChangeableUrls    : The Class-Path manifest attribute in C:\Users\Administrator\.m2\repository\xalan\serializer\2.7.2\serializer-2.7.2.jar referenced one or more files that do not exist: file:/C:/Users/Administrator/.m2/repository/xalan/serializer/2.7.2/xml-apis.jar
2025-06-29T03:07:33.622+03:00  INFO 2408 --- [mammogram] [restartedMain] .e.DevToolsPropertyDefaultsPostProcessor : Devtools property defaults active! Set 'spring.devtools.add-properties' to 'false' to disable
2025-06-29T03:07:33.622+03:00  INFO 2408 --- [mammogram] [restartedMain] .e.DevToolsPropertyDefaultsPostProcessor : For additional web related logging consider setting the 'logging.level.web' property to 'DEBUG'
2025-06-29T03:07:35.033+03:00  INFO 2408 --- [mammogram] [restartedMain] .s.d.r.c.RepositoryConfigurationDelegate : Bootstrapping Spring Data JPA repositories in DEFAULT mode.
2025-06-29T03:07:35.251+03:00  INFO 2408 --- [mammogram] [restartedMain] .s.d.r.c.RepositoryConfigurationDelegate : Finished Spring Data repository scanning in 208 ms. Found 4 JPA repository interfaces.
2025-06-29T03:07:36.516+03:00  INFO 2408 --- [mammogram] [restartedMain] o.s.b.w.embedded.tomcat.TomcatWebServer  : Tomcat initialized with port 8080 (http)
2025-06-29T03:07:36.534+03:00  INFO 2408 --- [mammogram] [restartedMain] o.apache.catalina.core.StandardService   : Starting service [Tomcat]
2025-06-29T03:07:36.534+03:00  INFO 2408 --- [mammogram] [restartedMain] o.apache.catalina.core.StandardEngine    : Starting Servlet engine: [Apache Tomcat/10.1.40]
2025-06-29T03:07:36.629+03:00  INFO 2408 --- [mammogram] [restartedMain] o.a.c.c.C.[Tomcat].[localhost].[/]       : Initializing Spring embedded WebApplicationContext
2025-06-29T03:07:36.629+03:00  INFO 2408 --- [mammogram] [restartedMain] w.s.c.ServletWebServerApplicationContext : Root WebApplicationContext: initialization completed in 3006 ms
2025-06-29T03:07:37.519+03:00  INFO 2408 --- [mammogram] [restartedMain] o.s.o.j.p.SpringPersistenceUnitInfo      : No LoadTimeWeaver setup: ignoring JPA class transformer
2025-06-29T03:07:37.560+03:00  INFO 2408 --- [mammogram] [restartedMain] com.zaxxer.hikari.HikariDataSource       : HikariPool-1 - Starting...
2025-06-29T03:07:37.780+03:00  INFO 2408 --- [mammogram] [restartedMain] com.zaxxer.hikari.pool.HikariPool        : HikariPool-1 - Added connection com.mysql.cj.jdbc.ConnectionImpl@334c9a4f
2025-06-29T03:07:37.783+03:00  INFO 2408 --- [mammogram] [restartedMain] com.zaxxer.hikari.HikariDataSource       : HikariPool-1 - Start completed.
2025-06-29T03:07:39.106+03:00  INFO 2408 --- [mammogram] [restartedMain] j.LocalContainerEntityManagerFactoryBean : Initialized JPA EntityManagerFactory for persistence unit 'default'
2025-06-29T03:07:40.406+03:00  INFO 2408 --- [mammogram] [restartedMain] eAuthenticationProviderManagerConfigurer : Global AuthenticationManager configured with AuthenticationProvider bean with name authenticationProvider
2025-06-29T03:07:40.406+03:00  WARN 2408 --- [mammogram] [restartedMain] r$InitializeUserDetailsManagerConfigurer : Global AuthenticationManager configured with an AuthenticationProvider bean. UserDetailsService beans will not be used by Spring Security for automatically configuring username/password login. Consider removing the AuthenticationProvider bean. Alternatively, consider using the UserDetailsService in a manually instantiated DaoAuthenticationProvider. If the current configuration is intentional, to turn off this warning, increase the logging level of 'org.springframework.security.config.annotation.authentication.configuration.InitializeUserDetailsBeanManagerConfigurer' to ERROR
2025-06-29T03:07:41.129+03:00  INFO 2408 --- [mammogram] [restartedMain] c.d.m.service.FileSystemStorageService   : Initialized storage root directory: C:\MezsB\Project\mammogram\uploads
2025-06-29T03:07:42.325+03:00  INFO 2408 --- [mammogram] [restartedMain] o.s.b.a.e.web.EndpointLinksResolver      : Exposing 1 endpoint beneath base path '/actuator'
2025-06-29T03:07:43.111+03:00  INFO 2408 --- [mammogram] [restartedMain] o.s.b.d.a.OptionalLiveReloadServer       : LiveReload server is running on port 30301
2025-06-29T03:07:43.407+03:00  INFO 2408 --- [mammogram] [restartedMain] o.s.b.w.embedded.tomcat.TomcatWebServer  : Tomcat started on port 8080 (http) with context path '/'
2025-06-29T03:07:43.420+03:00  INFO 2408 --- [mammogram] [restartedMain] c.d.mammogram.MammogramApplication       : Started MammogramApplication in 10.36 seconds (process running for 12.024)
2025-06-29T03:07:43.735+03:00  INFO 2408 --- [mammogram] [RMI TCP Connection(1)-10.148.93.56] o.a.c.c.C.[Tomcat].[localhost].[/]       : Initializing Spring DispatcherServlet 'dispatcherServlet'
2025-06-29T03:07:43.735+03:00  INFO 2408 --- [mammogram] [RMI TCP Connection(1)-10.148.93.56] o.s.web.servlet.DispatcherServlet        : Initializing Servlet 'dispatcherServlet'
2025-06-29T03:07:43.738+03:00  INFO 2408 --- [mammogram] [RMI TCP Connection(1)-10.148.93.56] o.s.web.servlet.DispatcherServlet        : Completed initialization in 2 ms
2025-06-29T03:09:55.806+03:00  WARN 2408 --- [mammogram] [http-nio-8080-exec-7] .m.m.a.ExceptionHandlerExceptionResolver : Resolved [org.springframework.web.HttpRequestMethodNotSupportedException: Request method 'GET' is not supported]
2025-06-29T03:11:14.686+03:00  WARN 2408 --- [mammogram] [http-nio-8080-exec-10] .m.m.a.ExceptionHandlerExceptionResolver : Resolved [org.springframework.web.HttpRequestMethodNotSupportedException: Request method 'GET' is not supported]
2025-06-29T03:11:16.858+03:00  WARN 2408 --- [mammogram] [http-nio-8080-exec-3] .m.m.a.ExceptionHandlerExceptionResolver : Resolved [org.springframework.web.HttpRequestMethodNotSupportedException: Request method 'GET' is not supported]
2025-06-29T03:15:35.084+03:00  INFO 2408 --- [mammogram] [SpringApplicationShutdownHook] o.s.b.w.e.tomcat.GracefulShutdown        : Commencing graceful shutdown. Waiting for active requests to complete
2025-06-29T03:15:35.088+03:00  INFO 2408 --- [mammogram] [tomcat-shutdown] o.s.b.w.e.tomcat.GracefulShutdown        : Graceful shutdown complete
2025-06-29T03:15:35.115+03:00  INFO 2408 --- [mammogram] [SpringApplicationShutdownHook] j.LocalContainerEntityManagerFactoryBean : Closing JPA EntityManagerFactory for persistence unit 'default'
2025-06-29T03:15:35.119+03:00  INFO 2408 --- [mammogram] [SpringApplicationShutdownHook] com.zaxxer.hikari.HikariDataSource       : HikariPool-1 - Shutdown initiated...
2025-06-29T03:15:35.124+03:00  INFO 2408 --- [mammogram] [SpringApplicationShutdownHook] com.zaxxer.hikari.HikariDataSource       : HikariPool-1 - Shutdown completed.
2025-06-29T03:15:55.457+03:00  INFO 4240 --- [mammogram] [restartedMain] c.d.mammogram.MammogramApplication       : Starting MammogramApplication using Java 21.0.6 with PID 4240 (C:\MezsB\Project\mammogram\target\classes started by Administrator in C:\MezsB\Project\mammogram)
2025-06-29T03:15:55.461+03:00  INFO 4240 --- [mammogram] [restartedMain] c.d.mammogram.MammogramApplication       : No active profile set, falling back to 1 default profile: "default"
2025-06-29T03:15:55.519+03:00  INFO 4240 --- [mammogram] [restartedMain] o.s.b.devtools.restart.ChangeableUrls    : The Class-Path manifest attribute in C:\Users\Administrator\.m2\repository\xalan\xalan\2.7.2\xalan-2.7.2.jar referenced one or more files that do not exist: file:/C:/Users/Administrator/.m2/repository/xalan/xalan/2.7.2/xercesImpl.jar,file:/C:/Users/Administrator/.m2/repository/xalan/xalan/2.7.2/xml-apis.jar,file:/C:/Users/Administrator/.m2/repository/xalan/xalan/2.7.2/serializer.jar
2025-06-29T03:15:55.519+03:00  INFO 4240 --- [mammogram] [restartedMain] o.s.b.devtools.restart.ChangeableUrls    : The Class-Path manifest attribute in C:\Users\Administrator\.m2\repository\xalan\serializer\2.7.2\serializer-2.7.2.jar referenced one or more files that do not exist: file:/C:/Users/Administrator/.m2/repository/xalan/serializer/2.7.2/xml-apis.jar
2025-06-29T03:15:55.520+03:00  INFO 4240 --- [mammogram] [restartedMain] .e.DevToolsPropertyDefaultsPostProcessor : Devtools property defaults active! Set 'spring.devtools.add-properties' to 'false' to disable
2025-06-29T03:15:55.520+03:00  INFO 4240 --- [mammogram] [restartedMain] .e.DevToolsPropertyDefaultsPostProcessor : For additional web related logging consider setting the 'logging.level.web' property to 'DEBUG'
2025-06-29T03:15:56.854+03:00  INFO 4240 --- [mammogram] [restartedMain] .s.d.r.c.RepositoryConfigurationDelegate : Bootstrapping Spring Data JPA repositories in DEFAULT mode.
2025-06-29T03:15:57.042+03:00  INFO 4240 --- [mammogram] [restartedMain] .s.d.r.c.RepositoryConfigurationDelegate : Finished Spring Data repository scanning in 178 ms. Found 4 JPA repository interfaces.
2025-06-29T03:15:58.072+03:00  INFO 4240 --- [mammogram] [restartedMain] o.s.b.w.embedded.tomcat.TomcatWebServer  : Tomcat initialized with port 8080 (http)
2025-06-29T03:15:58.087+03:00  INFO 4240 --- [mammogram] [restartedMain] o.apache.catalina.core.StandardService   : Starting service [Tomcat]
2025-06-29T03:15:58.088+03:00  INFO 4240 --- [mammogram] [restartedMain] o.apache.catalina.core.StandardEngine    : Starting Servlet engine: [Apache Tomcat/10.1.40]
2025-06-29T03:15:58.178+03:00  INFO 4240 --- [mammogram] [restartedMain] o.a.c.c.C.[Tomcat].[localhost].[/]       : Initializing Spring embedded WebApplicationContext
2025-06-29T03:15:58.178+03:00  INFO 4240 --- [mammogram] [restartedMain] w.s.c.ServletWebServerApplicationContext : Root WebApplicationContext: initialization completed in 2658 ms
2025-06-29T03:15:58.948+03:00  INFO 4240 --- [mammogram] [restartedMain] o.s.o.j.p.SpringPersistenceUnitInfo      : No LoadTimeWeaver setup: ignoring JPA class transformer
2025-06-29T03:15:58.982+03:00  INFO 4240 --- [mammogram] [restartedMain] com.zaxxer.hikari.HikariDataSource       : HikariPool-1 - Starting...
2025-06-29T03:15:59.142+03:00  INFO 4240 --- [mammogram] [restartedMain] com.zaxxer.hikari.pool.HikariPool        : HikariPool-1 - Added connection com.mysql.cj.jdbc.ConnectionImpl@53522e4a
2025-06-29T03:15:59.144+03:00  INFO 4240 --- [mammogram] [restartedMain] com.zaxxer.hikari.HikariDataSource       : HikariPool-1 - Start completed.
2025-06-29T03:16:00.412+03:00  INFO 4240 --- [mammogram] [restartedMain] j.LocalContainerEntityManagerFactoryBean : Initialized JPA EntityManagerFactory for persistence unit 'default'
2025-06-29T03:16:01.677+03:00  INFO 4240 --- [mammogram] [restartedMain] eAuthenticationProviderManagerConfigurer : Global AuthenticationManager configured with AuthenticationProvider bean with name authenticationProvider
2025-06-29T03:16:01.678+03:00  WARN 4240 --- [mammogram] [restartedMain] r$InitializeUserDetailsManagerConfigurer : Global AuthenticationManager configured with an AuthenticationProvider bean. UserDetailsService beans will not be used by Spring Security for automatically configuring username/password login. Consider removing the AuthenticationProvider bean. Alternatively, consider using the UserDetailsService in a manually instantiated DaoAuthenticationProvider. If the current configuration is intentional, to turn off this warning, increase the logging level of 'org.springframework.security.config.annotation.authentication.configuration.InitializeUserDetailsBeanManagerConfigurer' to ERROR
2025-06-29T03:16:02.394+03:00  INFO 4240 --- [mammogram] [restartedMain] c.d.m.service.FileSystemStorageService   : Initialized storage root directory: C:\MezsB\Project\mammogram\uploads
2025-06-29T03:16:03.466+03:00  INFO 4240 --- [mammogram] [restartedMain] o.s.b.a.e.web.EndpointLinksResolver      : Exposing 1 endpoint beneath base path '/actuator'
2025-06-29T03:16:04.224+03:00  INFO 4240 --- [mammogram] [restartedMain] o.s.b.d.a.OptionalLiveReloadServer       : LiveReload server is running on port 30301
2025-06-29T03:16:04.498+03:00  INFO 4240 --- [mammogram] [restartedMain] o.s.b.w.embedded.tomcat.TomcatWebServer  : Tomcat started on port 8080 (http) with context path '/'
2025-06-29T03:16:04.511+03:00  INFO 4240 --- [mammogram] [restartedMain] c.d.mammogram.MammogramApplication       : Started MammogramApplication in 9.555 seconds (process running for 11.154)
2025-06-29T03:16:17.621+03:00  INFO 4240 --- [mammogram] [http-nio-8080-exec-1] o.a.c.c.C.[Tomcat].[localhost].[/]       : Initializing Spring DispatcherServlet 'dispatcherServlet'
2025-06-29T03:16:17.621+03:00  INFO 4240 --- [mammogram] [http-nio-8080-exec-1] o.s.web.servlet.DispatcherServlet        : Initializing Servlet 'dispatcherServlet'
2025-06-29T03:16:17.623+03:00  INFO 4240 --- [mammogram] [http-nio-8080-exec-1] o.s.web.servlet.DispatcherServlet        : Completed initialization in 1 ms
2025-06-29T03:16:17.724+03:00  WARN 4240 --- [mammogram] [http-nio-8080-exec-1] .m.m.a.ExceptionHandlerExceptionResolver : Resolved [org.springframework.web.HttpRequestMethodNotSupportedException: Request method 'GET' is not supported]
2025-06-29T03:16:20.470+03:00  WARN 4240 --- [mammogram] [http-nio-8080-exec-3] .m.m.a.ExceptionHandlerExceptionResolver : Resolved [org.springframework.web.HttpRequestMethodNotSupportedException: Request method 'GET' is not supported]
2025-06-29T03:21:36.753+03:00  INFO 4240 --- [mammogram] [SpringApplicationShutdownHook] o.s.b.w.e.tomcat.GracefulShutdown        : Commencing graceful shutdown. Waiting for active requests to complete
2025-06-29T03:21:36.757+03:00  INFO 4240 --- [mammogram] [tomcat-shutdown] o.s.b.w.e.tomcat.GracefulShutdown        : Graceful shutdown complete
2025-06-29T03:21:36.783+03:00  INFO 4240 --- [mammogram] [SpringApplicationShutdownHook] j.LocalContainerEntityManagerFactoryBean : Closing JPA EntityManagerFactory for persistence unit 'default'
2025-06-29T03:21:36.788+03:00  INFO 4240 --- [mammogram] [SpringApplicationShutdownHook] com.zaxxer.hikari.HikariDataSource       : HikariPool-1 - Shutdown initiated...
2025-06-29T03:21:36.793+03:00  INFO 4240 --- [mammogram] [SpringApplicationShutdownHook] com.zaxxer.hikari.HikariDataSource       : HikariPool-1 - Shutdown completed.
2025-06-29T03:22:13.244+03:00  INFO 15888 --- [mammogram] [restartedMain] c.d.mammogram.MammogramApplication       : Starting MammogramApplication using Java 21.0.6 with PID 15888 (C:\MezsB\Project\mammogram\target\classes started by Administrator in C:\MezsB\Project\mammogram)
2025-06-29T03:22:13.247+03:00  INFO 15888 --- [mammogram] [restartedMain] c.d.mammogram.MammogramApplication       : No active profile set, falling back to 1 default profile: "default"
2025-06-29T03:22:13.303+03:00  INFO 15888 --- [mammogram] [restartedMain] o.s.b.devtools.restart.ChangeableUrls    : The Class-Path manifest attribute in C:\Users\Administrator\.m2\repository\xalan\xalan\2.7.2\xalan-2.7.2.jar referenced one or more files that do not exist: file:/C:/Users/Administrator/.m2/repository/xalan/xalan/2.7.2/xercesImpl.jar,file:/C:/Users/Administrator/.m2/repository/xalan/xalan/2.7.2/xml-apis.jar,file:/C:/Users/Administrator/.m2/repository/xalan/xalan/2.7.2/serializer.jar
2025-06-29T03:22:13.304+03:00  INFO 15888 --- [mammogram] [restartedMain] o.s.b.devtools.restart.ChangeableUrls    : The Class-Path manifest attribute in C:\Users\Administrator\.m2\repository\xalan\serializer\2.7.2\serializer-2.7.2.jar referenced one or more files that do not exist: file:/C:/Users/Administrator/.m2/repository/xalan/serializer/2.7.2/xml-apis.jar
2025-06-29T03:22:13.304+03:00  INFO 15888 --- [mammogram] [restartedMain] .e.DevToolsPropertyDefaultsPostProcessor : Devtools property defaults active! Set 'spring.devtools.add-properties' to 'false' to disable
2025-06-29T03:22:13.304+03:00  INFO 15888 --- [mammogram] [restartedMain] .e.DevToolsPropertyDefaultsPostProcessor : For additional web related logging consider setting the 'logging.level.web' property to 'DEBUG'
2025-06-29T03:22:14.657+03:00  INFO 15888 --- [mammogram] [restartedMain] .s.d.r.c.RepositoryConfigurationDelegate : Bootstrapping Spring Data JPA repositories in DEFAULT mode.
2025-06-29T03:22:14.883+03:00  INFO 15888 --- [mammogram] [restartedMain] .s.d.r.c.RepositoryConfigurationDelegate : Finished Spring Data repository scanning in 216 ms. Found 4 JPA repository interfaces.
2025-06-29T03:22:15.991+03:00  INFO 15888 --- [mammogram] [restartedMain] o.s.b.w.embedded.tomcat.TomcatWebServer  : Tomcat initialized with port 8080 (http)
2025-06-29T03:22:16.005+03:00  INFO 15888 --- [mammogram] [restartedMain] o.apache.catalina.core.StandardService   : Starting service [Tomcat]
2025-06-29T03:22:16.005+03:00  INFO 15888 --- [mammogram] [restartedMain] o.apache.catalina.core.StandardEngine    : Starting Servlet engine: [Apache Tomcat/10.1.40]
2025-06-29T03:22:16.092+03:00  INFO 15888 --- [mammogram] [restartedMain] o.a.c.c.C.[Tomcat].[localhost].[/]       : Initializing Spring embedded WebApplicationContext
2025-06-29T03:22:16.092+03:00  INFO 15888 --- [mammogram] [restartedMain] w.s.c.ServletWebServerApplicationContext : Root WebApplicationContext: initialization completed in 2787 ms
2025-06-29T03:22:16.852+03:00  INFO 15888 --- [mammogram] [restartedMain] o.s.o.j.p.SpringPersistenceUnitInfo      : No LoadTimeWeaver setup: ignoring JPA class transformer
2025-06-29T03:22:16.886+03:00  INFO 15888 --- [mammogram] [restartedMain] com.zaxxer.hikari.HikariDataSource       : HikariPool-1 - Starting...
2025-06-29T03:22:17.063+03:00  INFO 15888 --- [mammogram] [restartedMain] com.zaxxer.hikari.pool.HikariPool        : HikariPool-1 - Added connection com.mysql.cj.jdbc.ConnectionImpl@69ef86e5
2025-06-29T03:22:17.067+03:00  INFO 15888 --- [mammogram] [restartedMain] com.zaxxer.hikari.HikariDataSource       : HikariPool-1 - Start completed.
2025-06-29T03:22:18.308+03:00  INFO 15888 --- [mammogram] [restartedMain] j.LocalContainerEntityManagerFactoryBean : Initialized JPA EntityManagerFactory for persistence unit 'default'
2025-06-29T03:22:19.594+03:00  INFO 15888 --- [mammogram] [restartedMain] eAuthenticationProviderManagerConfigurer : Global AuthenticationManager configured with AuthenticationProvider bean with name authenticationProvider
2025-06-29T03:22:20.286+03:00  INFO 15888 --- [mammogram] [restartedMain] c.d.m.service.FileSystemStorageService   : Initialized storage root directory: C:\MezsB\Project\mammogram\uploads
2025-06-29T03:22:21.407+03:00  INFO 15888 --- [mammogram] [restartedMain] o.s.b.a.e.web.EndpointLinksResolver      : Exposing 1 endpoint beneath base path '/actuator'
2025-06-29T03:22:22.200+03:00  INFO 15888 --- [mammogram] [restartedMain] o.s.b.d.a.OptionalLiveReloadServer       : LiveReload server is running on port 30301
2025-06-29T03:22:22.474+03:00  INFO 15888 --- [mammogram] [restartedMain] o.s.b.w.embedded.tomcat.TomcatWebServer  : Tomcat started on port 8080 (http) with context path '/'
2025-06-29T03:22:22.488+03:00  INFO 15888 --- [mammogram] [restartedMain] c.d.mammogram.MammogramApplication       : Started MammogramApplication in 9.718 seconds (process running for 11.128)
2025-06-29T03:22:42.212+03:00  INFO 15888 --- [mammogram] [http-nio-8080-exec-3] o.a.c.c.C.[Tomcat].[localhost].[/]       : Initializing Spring DispatcherServlet 'dispatcherServlet'
2025-06-29T03:22:42.212+03:00  INFO 15888 --- [mammogram] [http-nio-8080-exec-3] o.s.web.servlet.DispatcherServlet        : Initializing Servlet 'dispatcherServlet'
2025-06-29T03:22:42.214+03:00  INFO 15888 --- [mammogram] [http-nio-8080-exec-3] o.s.web.servlet.DispatcherServlet        : Completed initialization in 1 ms
2025-06-29T03:22:42.368+03:00  INFO 15888 --- [mammogram] [http-nio-8080-exec-3] c.d.m.c.AuthenticationController         : Authentication attempt for user: Doctor
2025-06-29T03:22:42.755+03:00  INFO 15888 --- [mammogram] [http-nio-8080-exec-3] c.d.m.c.AuthenticationController         : Authentication successful for user: Doctor
2025-06-29T03:23:10.032+03:00  WARN 15888 --- [mammogram] [http-nio-8080-exec-4] .m.m.a.ExceptionHandlerExceptionResolver : Resolved [org.springframework.web.HttpRequestMethodNotSupportedException: Request method 'GET' is not supported]
2025-06-29T03:23:11.193+03:00  WARN 15888 --- [mammogram] [http-nio-8080-exec-6] .m.m.a.ExceptionHandlerExceptionResolver : Resolved [org.springframework.web.HttpRequestMethodNotSupportedException: Request method 'GET' is not supported]
2025-06-29T03:27:08.191+03:00  INFO 15888 --- [mammogram] [SpringApplicationShutdownHook] o.s.b.w.e.tomcat.GracefulShutdown        : Commencing graceful shutdown. Waiting for active requests to complete
2025-06-29T03:27:08.196+03:00  INFO 15888 --- [mammogram] [tomcat-shutdown] o.s.b.w.e.tomcat.GracefulShutdown        : Graceful shutdown complete
2025-06-29T03:27:08.225+03:00  INFO 15888 --- [mammogram] [SpringApplicationShutdownHook] j.LocalContainerEntityManagerFactoryBean : Closing JPA EntityManagerFactory for persistence unit 'default'
2025-06-29T03:27:08.228+03:00  INFO 15888 --- [mammogram] [SpringApplicationShutdownHook] com.zaxxer.hikari.HikariDataSource       : HikariPool-1 - Shutdown initiated...
2025-06-29T03:27:08.234+03:00  INFO 15888 --- [mammogram] [SpringApplicationShutdownHook] com.zaxxer.hikari.HikariDataSource       : HikariPool-1 - Shutdown completed.
2025-06-29T03:27:30.758+03:00  INFO 13976 --- [mammogram] [restartedMain] c.d.mammogram.MammogramApplication       : Starting MammogramApplication using Java 21.0.6 with PID 13976 (C:\MezsB\Project\mammogram\target\classes started by Administrator in C:\MezsB\Project\mammogram)
2025-06-29T03:27:30.761+03:00  INFO 13976 --- [mammogram] [restartedMain] c.d.mammogram.MammogramApplication       : No active profile set, falling back to 1 default profile: "default"
2025-06-29T03:27:30.814+03:00  INFO 13976 --- [mammogram] [restartedMain] o.s.b.devtools.restart.ChangeableUrls    : The Class-Path manifest attribute in C:\Users\Administrator\.m2\repository\xalan\xalan\2.7.2\xalan-2.7.2.jar referenced one or more files that do not exist: file:/C:/Users/Administrator/.m2/repository/xalan/xalan/2.7.2/xercesImpl.jar,file:/C:/Users/Administrator/.m2/repository/xalan/xalan/2.7.2/xml-apis.jar,file:/C:/Users/Administrator/.m2/repository/xalan/xalan/2.7.2/serializer.jar
2025-06-29T03:27:30.815+03:00  INFO 13976 --- [mammogram] [restartedMain] o.s.b.devtools.restart.ChangeableUrls    : The Class-Path manifest attribute in C:\Users\Administrator\.m2\repository\xalan\serializer\2.7.2\serializer-2.7.2.jar referenced one or more files that do not exist: file:/C:/Users/Administrator/.m2/repository/xalan/serializer/2.7.2/xml-apis.jar
2025-06-29T03:27:30.815+03:00  INFO 13976 --- [mammogram] [restartedMain] .e.DevToolsPropertyDefaultsPostProcessor : Devtools property defaults active! Set 'spring.devtools.add-properties' to 'false' to disable
2025-06-29T03:27:30.815+03:00  INFO 13976 --- [mammogram] [restartedMain] .e.DevToolsPropertyDefaultsPostProcessor : For additional web related logging consider setting the 'logging.level.web' property to 'DEBUG'
2025-06-29T03:27:32.161+03:00  INFO 13976 --- [mammogram] [restartedMain] .s.d.r.c.RepositoryConfigurationDelegate : Bootstrapping Spring Data JPA repositories in DEFAULT mode.
2025-06-29T03:27:32.354+03:00  INFO 13976 --- [mammogram] [restartedMain] .s.d.r.c.RepositoryConfigurationDelegate : Finished Spring Data repository scanning in 184 ms. Found 4 JPA repository interfaces.
2025-06-29T03:27:33.405+03:00  INFO 13976 --- [mammogram] [restartedMain] o.s.b.w.embedded.tomcat.TomcatWebServer  : Tomcat initialized with port 8080 (http)
2025-06-29T03:27:33.420+03:00  INFO 13976 --- [mammogram] [restartedMain] o.apache.catalina.core.StandardService   : Starting service [Tomcat]
2025-06-29T03:27:33.420+03:00  INFO 13976 --- [mammogram] [restartedMain] o.apache.catalina.core.StandardEngine    : Starting Servlet engine: [Apache Tomcat/10.1.40]
2025-06-29T03:27:33.511+03:00  INFO 13976 --- [mammogram] [restartedMain] o.a.c.c.C.[Tomcat].[localhost].[/]       : Initializing Spring embedded WebApplicationContext
2025-06-29T03:27:33.511+03:00  INFO 13976 --- [mammogram] [restartedMain] w.s.c.ServletWebServerApplicationContext : Root WebApplicationContext: initialization completed in 2696 ms
2025-06-29T03:27:34.262+03:00  INFO 13976 --- [mammogram] [restartedMain] o.s.o.j.p.SpringPersistenceUnitInfo      : No LoadTimeWeaver setup: ignoring JPA class transformer
2025-06-29T03:27:34.296+03:00  INFO 13976 --- [mammogram] [restartedMain] com.zaxxer.hikari.HikariDataSource       : HikariPool-1 - Starting...
2025-06-29T03:27:34.464+03:00  INFO 13976 --- [mammogram] [restartedMain] com.zaxxer.hikari.pool.HikariPool        : HikariPool-1 - Added connection com.mysql.cj.jdbc.ConnectionImpl@b66d887
2025-06-29T03:27:34.467+03:00  INFO 13976 --- [mammogram] [restartedMain] com.zaxxer.hikari.HikariDataSource       : HikariPool-1 - Start completed.
2025-06-29T03:27:35.731+03:00  INFO 13976 --- [mammogram] [restartedMain] j.LocalContainerEntityManagerFactoryBean : Initialized JPA EntityManagerFactory for persistence unit 'default'
2025-06-29T03:27:37.037+03:00  INFO 13976 --- [mammogram] [restartedMain] eAuthenticationProviderManagerConfigurer : Global AuthenticationManager configured with AuthenticationProvider bean with name authenticationProvider
2025-06-29T03:27:37.709+03:00  INFO 13976 --- [mammogram] [restartedMain] c.d.m.service.FileSystemStorageService   : Initialized storage root directory: C:\MezsB\Project\mammogram\uploads
2025-06-29T03:27:38.801+03:00  INFO 13976 --- [mammogram] [restartedMain] o.s.b.a.e.web.EndpointLinksResolver      : Exposing 1 endpoint beneath base path '/actuator'
2025-06-29T03:27:39.588+03:00  INFO 13976 --- [mammogram] [restartedMain] o.s.b.d.a.OptionalLiveReloadServer       : LiveReload server is running on port 30301
2025-06-29T03:27:39.864+03:00  INFO 13976 --- [mammogram] [restartedMain] o.s.b.w.embedded.tomcat.TomcatWebServer  : Tomcat started on port 8080 (http) with context path '/'
2025-06-29T03:27:39.880+03:00  INFO 13976 --- [mammogram] [restartedMain] c.d.mammogram.MammogramApplication       : Started MammogramApplication in 9.59 seconds (process running for 11.028)
2025-06-29T03:27:50.649+03:00  INFO 13976 --- [mammogram] [http-nio-8080-exec-1] o.a.c.c.C.[Tomcat].[localhost].[/]       : Initializing Spring DispatcherServlet 'dispatcherServlet'
2025-06-29T03:27:50.649+03:00  INFO 13976 --- [mammogram] [http-nio-8080-exec-1] o.s.web.servlet.DispatcherServlet        : Initializing Servlet 'dispatcherServlet'
2025-06-29T03:27:50.650+03:00  INFO 13976 --- [mammogram] [http-nio-8080-exec-1] o.s.web.servlet.DispatcherServlet        : Completed initialization in 1 ms
2025-06-29T03:27:50.764+03:00  WARN 13976 --- [mammogram] [http-nio-8080-exec-1] .m.m.a.ExceptionHandlerExceptionResolver : Resolved [org.springframework.web.HttpRequestMethodNotSupportedException: Request method 'GET' is not supported]
2025-06-29T03:36:57.236+03:00  INFO 13976 --- [mammogram] [SpringApplicationShutdownHook] o.s.b.w.e.tomcat.GracefulShutdown        : Commencing graceful shutdown. Waiting for active requests to complete
2025-06-29T03:36:57.240+03:00  INFO 13976 --- [mammogram] [tomcat-shutdown] o.s.b.w.e.tomcat.GracefulShutdown        : Graceful shutdown complete
2025-06-29T03:36:57.268+03:00  INFO 13976 --- [mammogram] [SpringApplicationShutdownHook] j.LocalContainerEntityManagerFactoryBean : Closing JPA EntityManagerFactory for persistence unit 'default'
2025-06-29T03:36:57.271+03:00  INFO 13976 --- [mammogram] [SpringApplicationShutdownHook] com.zaxxer.hikari.HikariDataSource       : HikariPool-1 - Shutdown initiated...
2025-06-29T03:36:57.279+03:00  INFO 13976 --- [mammogram] [SpringApplicationShutdownHook] com.zaxxer.hikari.HikariDataSource       : HikariPool-1 - Shutdown completed.
2025-06-29T03:37:35.069+03:00  INFO 15568 --- [mammogram] [restartedMain] c.d.mammogram.MammogramApplication       : Starting MammogramApplication using Java 21.0.6 with PID 15568 (C:\MezsB\Project\mammogram\target\classes started by Administrator in C:\MezsB\Project\mammogram)
2025-06-29T03:37:35.073+03:00  INFO 15568 --- [mammogram] [restartedMain] c.d.mammogram.MammogramApplication       : No active profile set, falling back to 1 default profile: "default"
2025-06-29T03:37:35.125+03:00  INFO 15568 --- [mammogram] [restartedMain] o.s.b.devtools.restart.ChangeableUrls    : The Class-Path manifest attribute in C:\Users\Administrator\.m2\repository\xalan\xalan\2.7.2\xalan-2.7.2.jar referenced one or more files that do not exist: file:/C:/Users/Administrator/.m2/repository/xalan/xalan/2.7.2/xercesImpl.jar,file:/C:/Users/Administrator/.m2/repository/xalan/xalan/2.7.2/xml-apis.jar,file:/C:/Users/Administrator/.m2/repository/xalan/xalan/2.7.2/serializer.jar
2025-06-29T03:37:35.126+03:00  INFO 15568 --- [mammogram] [restartedMain] o.s.b.devtools.restart.ChangeableUrls    : The Class-Path manifest attribute in C:\Users\Administrator\.m2\repository\xalan\serializer\2.7.2\serializer-2.7.2.jar referenced one or more files that do not exist: file:/C:/Users/Administrator/.m2/repository/xalan/serializer/2.7.2/xml-apis.jar
2025-06-29T03:37:35.126+03:00  INFO 15568 --- [mammogram] [restartedMain] .e.DevToolsPropertyDefaultsPostProcessor : Devtools property defaults active! Set 'spring.devtools.add-properties' to 'false' to disable
2025-06-29T03:37:35.126+03:00  INFO 15568 --- [mammogram] [restartedMain] .e.DevToolsPropertyDefaultsPostProcessor : For additional web related logging consider setting the 'logging.level.web' property to 'DEBUG'
2025-06-29T03:37:36.470+03:00  INFO 15568 --- [mammogram] [restartedMain] .s.d.r.c.RepositoryConfigurationDelegate : Bootstrapping Spring Data JPA repositories in DEFAULT mode.
2025-06-29T03:37:36.678+03:00  INFO 15568 --- [mammogram] [restartedMain] .s.d.r.c.RepositoryConfigurationDelegate : Finished Spring Data repository scanning in 198 ms. Found 4 JPA repository interfaces.
2025-06-29T03:37:37.709+03:00  INFO 15568 --- [mammogram] [restartedMain] o.s.b.w.embedded.tomcat.TomcatWebServer  : Tomcat initialized with port 8080 (http)
2025-06-29T03:37:37.723+03:00  INFO 15568 --- [mammogram] [restartedMain] o.apache.catalina.core.StandardService   : Starting service [Tomcat]
2025-06-29T03:37:37.724+03:00  INFO 15568 --- [mammogram] [restartedMain] o.apache.catalina.core.StandardEngine    : Starting Servlet engine: [Apache Tomcat/10.1.40]
2025-06-29T03:37:37.804+03:00  INFO 15568 --- [mammogram] [restartedMain] o.a.c.c.C.[Tomcat].[localhost].[/]       : Initializing Spring embedded WebApplicationContext
2025-06-29T03:37:37.804+03:00  INFO 15568 --- [mammogram] [restartedMain] w.s.c.ServletWebServerApplicationContext : Root WebApplicationContext: initialization completed in 2677 ms
2025-06-29T03:37:38.575+03:00  INFO 15568 --- [mammogram] [restartedMain] o.s.o.j.p.SpringPersistenceUnitInfo      : No LoadTimeWeaver setup: ignoring JPA class transformer
2025-06-29T03:37:38.610+03:00  INFO 15568 --- [mammogram] [restartedMain] com.zaxxer.hikari.HikariDataSource       : HikariPool-1 - Starting...
2025-06-29T03:37:38.787+03:00  INFO 15568 --- [mammogram] [restartedMain] com.zaxxer.hikari.pool.HikariPool        : HikariPool-1 - Added connection com.mysql.cj.jdbc.ConnectionImpl@b66d887
2025-06-29T03:37:38.789+03:00  INFO 15568 --- [mammogram] [restartedMain] com.zaxxer.hikari.HikariDataSource       : HikariPool-1 - Start completed.
2025-06-29T03:37:40.042+03:00  INFO 15568 --- [mammogram] [restartedMain] j.LocalContainerEntityManagerFactoryBean : Initialized JPA EntityManagerFactory for persistence unit 'default'
2025-06-29T03:37:41.285+03:00  INFO 15568 --- [mammogram] [restartedMain] eAuthenticationProviderManagerConfigurer : Global AuthenticationManager configured with AuthenticationProvider bean with name authenticationProvider
2025-06-29T03:37:41.942+03:00  INFO 15568 --- [mammogram] [restartedMain] c.d.m.service.FileSystemStorageService   : Initialized storage root directory: C:\MezsB\Project\mammogram\uploads
2025-06-29T03:37:43.035+03:00  INFO 15568 --- [mammogram] [restartedMain] o.s.b.a.e.web.EndpointLinksResolver      : Exposing 1 endpoint beneath base path '/actuator'
2025-06-29T03:37:43.799+03:00  INFO 15568 --- [mammogram] [restartedMain] o.s.b.d.a.OptionalLiveReloadServer       : LiveReload server is running on port 30301
2025-06-29T03:37:44.095+03:00  INFO 15568 --- [mammogram] [restartedMain] o.s.b.w.embedded.tomcat.TomcatWebServer  : Tomcat started on port 8080 (http) with context path '/'
2025-06-29T03:37:44.108+03:00  INFO 15568 --- [mammogram] [restartedMain] c.d.mammogram.MammogramApplication       : Started MammogramApplication in 9.537 seconds (process running for 11.036)
2025-06-29T03:38:49.003+03:00  INFO 15568 --- [mammogram] [SpringApplicationShutdownHook] o.s.b.w.e.tomcat.GracefulShutdown        : Commencing graceful shutdown. Waiting for active requests to complete
2025-06-29T03:38:49.008+03:00  INFO 15568 --- [mammogram] [tomcat-shutdown] o.s.b.w.e.tomcat.GracefulShutdown        : Graceful shutdown complete
2025-06-29T03:38:49.035+03:00  INFO 15568 --- [mammogram] [SpringApplicationShutdownHook] j.LocalContainerEntityManagerFactoryBean : Closing JPA EntityManagerFactory for persistence unit 'default'
2025-06-29T03:38:49.038+03:00  INFO 15568 --- [mammogram] [SpringApplicationShutdownHook] com.zaxxer.hikari.HikariDataSource       : HikariPool-1 - Shutdown initiated...
2025-06-29T03:38:49.044+03:00  INFO 15568 --- [mammogram] [SpringApplicationShutdownHook] com.zaxxer.hikari.HikariDataSource       : HikariPool-1 - Shutdown completed.
2025-06-29T04:20:11.069+03:00  INFO 12672 --- [mammogram] [restartedMain] c.d.mammogram.MammogramApplication       : Starting MammogramApplication using Java 21.0.6 with PID 12672 (C:\MezsB\Project\mammogram\target\classes started by Administrator in C:\MezsB\Project\mammogram)
2025-06-29T04:20:11.073+03:00  INFO 12672 --- [mammogram] [restartedMain] c.d.mammogram.MammogramApplication       : No active profile set, falling back to 1 default profile: "default"
2025-06-29T04:20:11.140+03:00  INFO 12672 --- [mammogram] [restartedMain] o.s.b.devtools.restart.ChangeableUrls    : The Class-Path manifest attribute in C:\Users\Administrator\.m2\repository\xalan\xalan\2.7.2\xalan-2.7.2.jar referenced one or more files that do not exist: file:/C:/Users/Administrator/.m2/repository/xalan/xalan/2.7.2/xercesImpl.jar,file:/C:/Users/Administrator/.m2/repository/xalan/xalan/2.7.2/xml-apis.jar,file:/C:/Users/Administrator/.m2/repository/xalan/xalan/2.7.2/serializer.jar
2025-06-29T04:20:11.141+03:00  INFO 12672 --- [mammogram] [restartedMain] o.s.b.devtools.restart.ChangeableUrls    : The Class-Path manifest attribute in C:\Users\Administrator\.m2\repository\xalan\serializer\2.7.2\serializer-2.7.2.jar referenced one or more files that do not exist: file:/C:/Users/Administrator/.m2/repository/xalan/serializer/2.7.2/xml-apis.jar
2025-06-29T04:20:11.141+03:00  INFO 12672 --- [mammogram] [restartedMain] .e.DevToolsPropertyDefaultsPostProcessor : Devtools property defaults active! Set 'spring.devtools.add-properties' to 'false' to disable
2025-06-29T04:20:11.141+03:00  INFO 12672 --- [mammogram] [restartedMain] .e.DevToolsPropertyDefaultsPostProcessor : For additional web related logging consider setting the 'logging.level.web' property to 'DEBUG'
2025-06-29T04:20:12.525+03:00  INFO 12672 --- [mammogram] [restartedMain] .s.d.r.c.RepositoryConfigurationDelegate : Bootstrapping Spring Data JPA repositories in DEFAULT mode.
2025-06-29T04:20:12.735+03:00  INFO 12672 --- [mammogram] [restartedMain] .s.d.r.c.RepositoryConfigurationDelegate : Finished Spring Data repository scanning in 200 ms. Found 4 JPA repository interfaces.
2025-06-29T04:20:13.779+03:00  INFO 12672 --- [mammogram] [restartedMain] o.s.b.w.embedded.tomcat.TomcatWebServer  : Tomcat initialized with port 8080 (http)
2025-06-29T04:20:13.792+03:00  INFO 12672 --- [mammogram] [restartedMain] o.apache.catalina.core.StandardService   : Starting service [Tomcat]
2025-06-29T04:20:13.792+03:00  INFO 12672 --- [mammogram] [restartedMain] o.apache.catalina.core.StandardEngine    : Starting Servlet engine: [Apache Tomcat/10.1.40]
2025-06-29T04:20:13.871+03:00  INFO 12672 --- [mammogram] [restartedMain] o.a.c.c.C.[Tomcat].[localhost].[/]       : Initializing Spring embedded WebApplicationContext
2025-06-29T04:20:13.872+03:00  INFO 12672 --- [mammogram] [restartedMain] w.s.c.ServletWebServerApplicationContext : Root WebApplicationContext: initialization completed in 2730 ms
2025-06-29T04:20:14.609+03:00  INFO 12672 --- [mammogram] [restartedMain] o.s.o.j.p.SpringPersistenceUnitInfo      : No LoadTimeWeaver setup: ignoring JPA class transformer
2025-06-29T04:20:14.643+03:00  INFO 12672 --- [mammogram] [restartedMain] com.zaxxer.hikari.HikariDataSource       : HikariPool-1 - Starting...
2025-06-29T04:20:14.832+03:00  INFO 12672 --- [mammogram] [restartedMain] com.zaxxer.hikari.pool.HikariPool        : HikariPool-1 - Added connection com.mysql.cj.jdbc.ConnectionImpl@84bb5cc
2025-06-29T04:20:14.834+03:00  INFO 12672 --- [mammogram] [restartedMain] com.zaxxer.hikari.HikariDataSource       : HikariPool-1 - Start completed.
2025-06-29T04:20:16.204+03:00  INFO 12672 --- [mammogram] [restartedMain] j.LocalContainerEntityManagerFactoryBean : Initialized JPA EntityManagerFactory for persistence unit 'default'
2025-06-29T04:20:17.461+03:00  INFO 12672 --- [mammogram] [restartedMain] eAuthenticationProviderManagerConfigurer : Global AuthenticationManager configured with AuthenticationProvider bean with name authenticationProvider
2025-06-29T04:20:18.134+03:00  INFO 12672 --- [mammogram] [restartedMain] c.d.m.service.FileSystemStorageService   : Initialized storage root directory: C:\MezsB\Project\mammogram\uploads
2025-06-29T04:20:19.210+03:00  INFO 12672 --- [mammogram] [restartedMain] o.s.b.a.e.web.EndpointLinksResolver      : Exposing 1 endpoint beneath base path '/actuator'
2025-06-29T04:20:19.976+03:00  INFO 12672 --- [mammogram] [restartedMain] o.s.b.d.a.OptionalLiveReloadServer       : LiveReload server is running on port 30301
2025-06-29T04:20:20.269+03:00  INFO 12672 --- [mammogram] [restartedMain] o.s.b.w.embedded.tomcat.TomcatWebServer  : Tomcat started on port 8080 (http) with context path '/'
2025-06-29T04:20:20.286+03:00  INFO 12672 --- [mammogram] [restartedMain] c.d.mammogram.MammogramApplication       : Started MammogramApplication in 9.69 seconds (process running for 11.511)
2025-06-29T04:20:20.906+03:00  INFO 12672 --- [mammogram] [RMI TCP Connection(2)-10.148.93.56] o.a.c.c.C.[Tomcat].[localhost].[/]       : Initializing Spring DispatcherServlet 'dispatcherServlet'
2025-06-29T04:20:20.906+03:00  INFO 12672 --- [mammogram] [RMI TCP Connection(2)-10.148.93.56] o.s.web.servlet.DispatcherServlet        : Initializing Servlet 'dispatcherServlet'
2025-06-29T04:20:20.908+03:00  INFO 12672 --- [mammogram] [RMI TCP Connection(2)-10.148.93.56] o.s.web.servlet.DispatcherServlet        : Completed initialization in 2 ms
2025-06-29T04:27:23.812+03:00  INFO 12672 --- [mammogram] [http-nio-8080-exec-2] c.d.m.c.AuthenticationController         : Authentication attempt for user: Doctor
2025-06-29T04:27:24.239+03:00  WARN 12672 --- [mammogram] [http-nio-8080-exec-2] c.d.m.c.AuthenticationController         : Authentication failed - invalid credentials for user: Doctor
2025-06-29T04:45:57.886+03:00  INFO 12672 --- [mammogram] [http-nio-8080-exec-3] c.d.m.c.AuthenticationController         : Authentication attempt for user: Doctor
2025-06-29T04:45:58.066+03:00  INFO 12672 --- [mammogram] [http-nio-8080-exec-3] c.d.m.c.AuthenticationController         : Authentication successful for user: Doctor
2025-06-29T05:54:41.055+03:00  INFO 12672 --- [mammogram] [SpringApplicationShutdownHook] o.s.b.w.e.tomcat.GracefulShutdown        : Commencing graceful shutdown. Waiting for active requests to complete
2025-06-29T05:54:41.060+03:00  INFO 12672 --- [mammogram] [tomcat-shutdown] o.s.b.w.e.tomcat.GracefulShutdown        : Graceful shutdown complete
2025-06-29T05:54:41.102+03:00  INFO 12672 --- [mammogram] [SpringApplicationShutdownHook] j.LocalContainerEntityManagerFactoryBean : Closing JPA EntityManagerFactory for persistence unit 'default'
2025-06-29T05:54:41.107+03:00  INFO 12672 --- [mammogram] [SpringApplicationShutdownHook] com.zaxxer.hikari.HikariDataSource       : HikariPool-1 - Shutdown initiated...
2025-06-29T05:54:41.110+03:00  INFO 12672 --- [mammogram] [SpringApplicationShutdownHook] com.zaxxer.hikari.HikariDataSource       : HikariPool-1 - Shutdown completed.
